[0424/203933.455:ERROR:process_memory_win.cc(73)] ReadMemory at 0x7ff6a1ef0000 of 64 bytes failed: Only part of a ReadProcessMemory or WriteProcessMemory request was completed. (0x12B)
[0424/203933.456:WARNING:pe_image_reader.cc(340)] could not read dos header from C:\Program Files (x86)\Google\Chrome\Application\chrome.exe
[0424/203933.456:ERROR:process_memory_win.cc(73)] ReadMemory at 0x7ff8987c0000 of 64 bytes failed: Only part of a ReadProcessMemory or WriteProcessMemory request was completed. (0x12B)
[0424/203933.457:WARNING:pe_image_reader.cc(340)] could not read dos header from C:\WINDOWS\SYSTEM32\ntdll.dll
[0424/203933.457:ERROR:process_memory_win.cc(73)] ReadMemory at 0x7ff897a00000 of 64 bytes failed: Only part of a ReadProcessMemory or WriteProcessMemory request was completed. (0x12B)
[0424/203933.457:WARNING:pe_image_reader.cc(340)] could not read dos header from C:\WINDOWS\System32\KERNEL32.DLL
[0424/203933.457:ERROR:process_memory_win.cc(73)] ReadMemory at 0x7ff895750000 of 64 bytes failed: Only part of a ReadProcessMemory or WriteProcessMemory request was completed. (0x12B)
[0424/203933.457:WARNING:pe_image_reader.cc(340)] could not read dos header from C:\WINDOWS\System32\KERNELBASE.dll
[0424/203933.457:ERROR:process_memory_win.cc(73)] ReadMemory at 0x7ff86c660000 of 64 bytes failed: Only part of a ReadProcessMemory or WriteProcessMemory request was completed. (0x12B)
[0424/203933.457:WARNING:pe_image_reader.cc(340)] could not read dos header from C:\Program Files (x86)\Google\Chrome\Application\81.0.4044.113\chrome_elf.dll
[0424/203933.457:ERROR:process_memory_win.cc(73)] ReadMemory at 0x7ff88ff80000 of 64 bytes failed: Only part of a ReadProcessMemory or WriteProcessMemory request was completed. (0x12B)
[0424/203933.457:WARNING:pe_image_reader.cc(340)] could not read dos header from C:\WINDOWS\SYSTEM32\VERSION.dll
[0424/203933.457:ERROR:process_memory_win.cc(73)] ReadMemory at 0x7ff897ad0000 of 64 bytes failed: Only part of a ReadProcessMemory or WriteProcessMemory request was completed. (0x12B)
[0424/203933.457:WARNING:pe_image_reader.cc(340)] could not read dos header from C:\WINDOWS\System32\msvcrt.dll
[0424/203933.457:ERROR:process_memory_win.cc(73)] ReadMemory at 0x7ff895b50000 of 64 bytes failed: Only part of a ReadProcessMemory or WriteProcessMemory request was completed. (0x12B)
[0424/203933.458:WARNING:pe_image_reader.cc(340)] could not read dos header from C:\WINDOWS\System32\bcryptPrimitives.dll
[0424/203933.458:ERROR:process_memory_win.cc(73)] ReadMemory at 0x7ff897950000 of 64 bytes failed: Only part of a ReadProcessMemory or WriteProcessMemory request was completed. (0x12B)
[0424/203933.458:WARNING:pe_image_reader.cc(340)] could not read dos header from C:\WINDOWS\System32\ADVAPI32.dll
[0424/203933.458:ERROR:process_memory_win.cc(73)] ReadMemory at 0x7ff897000000 of 64 bytes failed: Only part of a ReadProcessMemory or WriteProcessMemory request was completed. (0x12B)
[0424/203933.458:WARNING:pe_image_reader.cc(340)] could not read dos header from C:\WINDOWS\System32\sechost.dll
[0424/203933.458:ERROR:process_memory_win.cc(73)] ReadMemory at 0x7ff897210000 of 64 bytes failed: Only part of a ReadProcessMemory or WriteProcessMemory request was completed. (0x12B)
[0424/203933.459:WARNING:pe_image_reader.cc(340)] could not read dos header from C:\WINDOWS\System32\RPCRT4.dll
[0424/203933.459:ERROR:process_memory_win.cc(73)] ReadMemory at 0x7ff834d70000 of 64 bytes failed: Only part of a ReadProcessMemory or WriteProcessMemory request was completed. (0x12B)
[0424/203933.459:WARNING:pe_image_reader.cc(340)] could not read dos header from C:\Program Files (x86)\Google\Chrome\Application\81.0.4044.113\chrome.dll
[0424/203933.459:ERROR:process_memory_win.cc(73)] ReadMemory at 0x7ff8968d0000 of 64 bytes failed: Only part of a ReadProcessMemory or WriteProcessMemory request was completed. (0x12B)
[0424/203933.459:WARNING:pe_image_reader.cc(340)] could not read dos header from C:\WINDOWS\System32\WS2_32.dll
[0424/203933.459:ERROR:process_memory_win.cc(73)] ReadMemory at 0x7ff896ae0000 of 64 bytes failed: Only part of a ReadProcessMemory or WriteProcessMemory request was completed. (0x12B)
[0424/203933.459:WARNING:pe_image_reader.cc(340)] could not read dos header from C:\WINDOWS\System32\OLEAUT32.dll
[0424/203933.459:ERROR:process_memory_win.cc(73)] ReadMemory at 0x7ff896720000 of 64 bytes failed: Only part of a ReadProcessMemory or WriteProcessMemory request was completed. (0x12B)
[0424/203933.459:WARNING:pe_image_reader.cc(340)] could not read dos header from C:\WINDOWS\System32\msvcp_win.dll
[0424/203933.459:ERROR:process_memory_win.cc(73)] ReadMemory at 0x7ff895a50000 of 64 bytes failed: Only part of a ReadProcessMemory or WriteProcessMemory request was completed. (0x12B)
[0424/203933.459:WARNING:pe_image_reader.cc(340)] could not read dos header from C:\WINDOWS\System32\ucrtbase.dll
[0424/203933.459:ERROR:process_memory_win.cc(73)] ReadMemory at 0x7ff897d20000 of 64 bytes failed: Only part of a ReadProcessMemory or WriteProcessMemory request was completed. (0x12B)
[0424/203933.459:WARNING:pe_image_reader.cc(340)] could not read dos header from C:\WINDOWS\System32\combase.dll
[0424/203933.460:ERROR:process_memory_win.cc(73)] ReadMemory at 0x7ff896570000 of 64 bytes failed: Only part of a ReadProcessMemory or WriteProcessMemory request was completed. (0x12B)
[0424/203933.460:WARNING:pe_image_reader.cc(340)] could not read dos header from C:\WINDOWS\System32\WINTRUST.dll
[0424/203933.460:ERROR:process_memory_win.cc(73)] ReadMemory at 0x7ff8956c0000 of 64 bytes failed: Only part of a ReadProcessMemory or WriteProcessMemory request was completed. (0x12B)
[0424/203933.460:WARNING:pe_image_reader.cc(340)] could not read dos header from C:\WINDOWS\System32\MSASN1.dll
[0424/203933.460:ERROR:process_memory_win.cc(73)] ReadMemory at 0x7ff8965d0000 of 64 bytes failed: Only part of a ReadProcessMemory or WriteProcessMemory request was completed. (0x12B)
[0424/203933.460:WARNING:pe_image_reader.cc(340)] could not read dos header from C:\WINDOWS\System32\CRYPT32.dll
[0424/203933.460:ERROR:process_memory_win.cc(73)] ReadMemory at 0x7ff894ba0000 of 64 bytes failed: Only part of a ReadProcessMemory or WriteProcessMemory request was completed. (0x12B)
[0424/203933.460:WARNING:pe_image_reader.cc(340)] could not read dos header from C:\WINDOWS\SYSTEM32\IPHLPAPI.DLL
[0424/203933.460:ERROR:process_memory_win.cc(73)] ReadMemory at 0x7ff88d0d0000 of 64 bytes failed: Only part of a ReadProcessMemory or WriteProcessMemory request was completed. (0x12B)
[0424/203933.460:WARNING:pe_image_reader.cc(340)] could not read dos header from C:\WINDOWS\SYSTEM32\WINMM.dll
[0424/203933.460:ERROR:process_memory_win.cc(73)] ReadMemory at 0x7ff8896a0000 of 64 bytes failed: Only part of a ReadProcessMemory or WriteProcessMemory request was completed. (0x12B)
[0424/203933.460:WARNING:pe_image_reader.cc(340)] could not read dos header from C:\WINDOWS\SYSTEM32\Secur32.dll
[0424/203933.460:ERROR:process_memory_win.cc(73)] ReadMemory at 0x7ff8955a0000 of 64 bytes failed: Only part of a ReadProcessMemory or WriteProcessMemory request was completed. (0x12B)
[0424/203933.460:WARNING:pe_image_reader.cc(340)] could not read dos header from C:\WINDOWS\SYSTEM32\USERENV.dll
[0424/203933.460:ERROR:process_memory_win.cc(73)] ReadMemory at 0x7ff895690000 of 64 bytes failed: Only part of a ReadProcessMemory or WriteProcessMemory request was completed. (0x12B)
[0424/203933.460:WARNING:pe_image_reader.cc(340)] could not read dos header from C:\WINDOWS\System32\profapi.dll
[0424/203933.460:ERROR:process_memory_win.cc(73)] ReadMemory at 0x7ff869dd0000 of 64 bytes failed: Only part of a ReadProcessMemory or WriteProcessMemory request was completed. (0x12B)
[0424/203933.460:WARNING:pe_image_reader.cc(340)] could not read dos header from C:\WINDOWS\SYSTEM32\UIAutomationCore.DLL
[0424/203933.460:ERROR:process_memory_win.cc(73)] ReadMemory at 0x7ff883c60000 of 64 bytes failed: Only part of a ReadProcessMemory or WriteProcessMemory request was completed. (0x12B)
[0424/203933.460:WARNING:pe_image_reader.cc(340)] could not read dos header from C:\WINDOWS\SYSTEM32\DWrite.dll
[0424/203933.460:ERROR:process_memory_win.cc(73)] ReadMemory at 0x7ff8800e0000 of 64 bytes failed: Only part of a ReadProcessMemory or WriteProcessMemory request was completed. (0x12B)
[0424/203933.461:WARNING:pe_image_reader.cc(340)] could not read dos header from C:\WINDOWS\SYSTEM32\WINSPOOL.DRV
[0424/203933.461:ERROR:process_memory_win.cc(73)] ReadMemory at 0x7ff8956e0000 of 64 bytes failed: Only part of a ReadProcessMemory or WriteProcessMemory request was completed. (0x12B)
[0424/203933.461:WARNING:pe_image_reader.cc(340)] could not read dos header from C:\WINDOWS\System32\kernel.appcore.dll
[0424/203933.461:ERROR:process_memory_win.cc(73)] ReadMemory at 0x7ff896540000 of 64 bytes failed: Only part of a ReadProcessMemory or WriteProcessMemory request was completed. (0x12B)
[0424/203933.461:WARNING:pe_image_reader.cc(340)] could not read dos header from C:\WINDOWS\System32\bcrypt.dll
[0424/203933.461:ERROR:process_memory_win.cc(73)] ReadMemory at 0x7ff88f1a0000 of 64 bytes failed: Only part of a ReadProcessMemory or WriteProcessMemory request was completed. (0x12B)
[0424/203933.461:WARNING:pe_image_reader.cc(340)] could not read dos header from C:\WINDOWS\SYSTEM32\dbghelp.dll
[0424/203933.461:ERROR:process_memory_win.cc(73)] ReadMemory at 0x7ff88d110000 of 64 bytes failed: Only part of a ReadProcessMemory or WriteProcessMemory request was completed. (0x12B)
[0424/203933.461:WARNING:pe_image_reader.cc(340)] could not read dos header from C:\WINDOWS\SYSTEM32\WINHTTP.dll
[0424/203933.461:ERROR:process_memory_win.cc(73)] ReadMemory at 0x7ff88eaa0000 of 64 bytes failed: Only part of a ReadProcessMemory or WriteProcessMemory request was completed. (0x12B)
[0424/203933.461:WARNING:pe_image_reader.cc(340)] could not read dos header from C:\WINDOWS\SYSTEM32\dhcpcsvc.DLL
[0424/203933.461:ERROR:process_memory_win.cc(73)] ReadMemory at 0x7ff898770000 of 64 bytes failed: Only part of a ReadProcessMemory or WriteProcessMemory request was completed. (0x12B)
[0424/203933.461:WARNING:pe_image_reader.cc(340)] could not read dos header from C:\WINDOWS\System32\NSI.dll
[0424/203933.461:ERROR:process_memory_win.cc(73)] ReadMemory at 0x7ff88ce90000 of 64 bytes failed: Only part of a ReadProcessMemory or WriteProcessMemory request was completed. (0x12B)
[0424/203933.461:WARNING:pe_image_reader.cc(340)] could not read dos header from C:\WINDOWS\SYSTEM32\WINMMBASE.dll
[0424/203933.461:ERROR:process_memory_win.cc(73)] ReadMemory at 0x7ff8964f0000 of 64 bytes failed: Only part of a ReadProcessMemory or WriteProcessMemory request was completed. (0x12B)
[0424/203933.461:WARNING:pe_image_reader.cc(340)] could not read dos header from C:\WINDOWS\System32\cfgmgr32.dll
[0424/203933.461:ERROR:process_memory_win.cc(73)] ReadMemory at 0x7ff891980000 of 64 bytes failed: Only part of a ReadProcessMemory or WriteProcessMemory request was completed. (0x12B)
[0424/203933.461:WARNING:pe_image_reader.cc(340)] could not read dos header from C:\WINDOWS\SYSTEM32\PROPSYS.dll
[0424/203933.461:ERROR:process_memory_win.cc(73)] ReadMemory at 0x7ff896e40000 of 64 bytes failed: Only part of a ReadProcessMemory or WriteProcessMemory request was completed. (0x12B)
[0424/203933.461:WARNING:pe_image_reader.cc(340)] could not read dos header from C:\WINDOWS\System32\shcore.dll
[0424/203933.461:ERROR:process_memory_win.cc(73)] ReadMemory at 0x7ff895570000 of 64 bytes failed: Only part of a ReadProcessMemory or WriteProcessMemory request was completed. (0x12B)
[0424/203933.461:WARNING:pe_image_reader.cc(340)] could not read dos header from C:\WINDOWS\SYSTEM32\SSPICLI.DLL
[0424/203933.461:ERROR:process_memory_win.cc(73)] ReadMemory at 0x7ff898060000 of 64 bytes failed: Only part of a ReadProcessMemory or WriteProcessMemory request was completed. (0x12B)
[0424/203933.462:WARNING:pe_image_reader.cc(340)] could not read dos header from C:\WINDOWS\System32\SHELL32.dll
[0424/203933.462:ERROR:process_memory_win.cc(73)] ReadMemory at 0x7ff895bd0000 of 64 bytes failed: Only part of a ReadProcessMemory or WriteProcessMemory request was completed. (0x12B)
[0424/203933.462:WARNING:pe_image_reader.cc(340)] could not read dos header from C:\WINDOWS\System32\windows.storage.dll
[0424/203933.462:ERROR:process_memory_win.cc(73)] ReadMemory at 0x7ff895700000 of 64 bytes failed: Only part of a ReadProcessMemory or WriteProcessMemory request was completed. (0x12B)
[0424/203933.462:WARNING:pe_image_reader.cc(340)] could not read dos header from C:\WINDOWS\System32\powrprof.dll
[0424/203933.462:ERROR:process_memory_win.cc(73)] ReadMemory at 0x7ff895680000 of 64 bytes failed: Only part of a ReadProcessMemory or WriteProcessMemory request was completed. (0x12B)
[0424/203933.462:WARNING:pe_image_reader.cc(340)] could not read dos header from C:\WINDOWS\System32\UMPDC.dll
[0424/203933.462:ERROR:process_memory_win.cc(73)] ReadMemory at 0x7ff896ef0000 of 64 bytes failed: Only part of a ReadProcessMemory or WriteProcessMemory request was completed. (0x12B)
[0424/203933.462:WARNING:pe_image_reader.cc(340)] could not read dos header from C:\WINDOWS\System32\shlwapi.dll
[0424/203933.462:ERROR:process_memory_win.cc(73)] ReadMemory at 0x7ff8970a0000 of 64 bytes failed: Only part of a ReadProcessMemory or WriteProcessMemory request was completed. (0x12B)
[0424/203933.462:WARNING:pe_image_reader.cc(340)] could not read dos header from C:\WINDOWS\System32\GDI32.dll
[0424/203933.462:ERROR:process_memory_win.cc(73)] ReadMemory at 0x7ff895a20000 of 64 bytes failed: Only part of a ReadProcessMemory or WriteProcessMemory request was completed. (0x12B)
[0424/203933.462:WARNING:pe_image_reader.cc(340)] could not read dos header from C:\WINDOWS\System32\win32u.dll
[0424/203933.462:ERROR:process_memory_win.cc(73)] ReadMemory at 0x7ff896350000 of 64 bytes failed: Only part of a ReadProcessMemory or WriteProcessMemory request was completed. (0x12B)
[0424/203933.462:WARNING:pe_image_reader.cc(340)] could not read dos header from C:\WINDOWS\System32\gdi32full.dll
[0424/203933.462:ERROR:process_memory_win.cc(73)] ReadMemory at 0x7ff896940000 of 64 bytes failed: Only part of a ReadProcessMemory or WriteProcessMemory request was completed. (0x12B)
[0424/203933.462:WARNING:pe_image_reader.cc(340)] could not read dos header from C:\WINDOWS\System32\USER32.dll
[0424/203933.462:ERROR:process_memory_win.cc(73)] ReadMemory at 0x7ff895a00000 of 64 bytes failed: Only part of a ReadProcessMemory or WriteProcessMemory request was completed. (0x12B)
[0424/203933.462:WARNING:pe_image_reader.cc(340)] could not read dos header from C:\WINDOWS\System32\cryptsp.dll
[0424/203933.462:ERROR:process_memory_win.cc(73)] ReadMemory at 0x7ff8977b0000 of 64 bytes failed: Only part of a ReadProcessMemory or WriteProcessMemory request was completed. (0x12B)
[0424/203933.462:WARNING:pe_image_reader.cc(340)] could not read dos header from C:\WINDOWS\System32\IMM32.DLL
[0424/203933.462:ERROR:process_memory_win.cc(73)] ReadMemory at 0x7ff8950c0000 of 64 bytes failed: Only part of a ReadProcessMemory or WriteProcessMemory request was completed. (0x12B)
[0424/203933.463:WARNING:pe_image_reader.cc(340)] could not read dos header from C:\WINDOWS\SYSTEM32\CRYPTBASE.DLL
[0424/203933.468:ERROR:process_memory_win.cc(73)] ReadMemory at 0x7ff6a1ef0000 of 64 bytes failed: Only part of a ReadProcessMemory or WriteProcessMemory request was completed. (0x12B)
[0424/203933.468:WARNING:pe_image_reader.cc(340)] could not read dos header from C:\Program Files (x86)\Google\Chrome\Application\chrome.exe
[0424/203933.468:ERROR:process_memory_win.cc(73)] ReadMemory at 0x7ff8987c0000 of 64 bytes failed: Only part of a ReadProcessMemory or WriteProcessMemory request was completed. (0x12B)
[0424/203933.468:WARNING:pe_image_reader.cc(340)] could not read dos header from C:\WINDOWS\SYSTEM32\ntdll.dll
[0424/203933.468:ERROR:process_memory_win.cc(73)] ReadMemory at 0x7ff897a00000 of 64 bytes failed: Only part of a ReadProcessMemory or WriteProcessMemory request was completed. (0x12B)
[0424/203933.468:WARNING:pe_image_reader.cc(340)] could not read dos header from C:\WINDOWS\System32\KERNEL32.DLL
[0424/203933.468:ERROR:process_memory_win.cc(73)] ReadMemory at 0x7ff895750000 of 64 bytes failed: Only part of a ReadProcessMemory or WriteProcessMemory request was completed. (0x12B)
[0424/203933.468:WARNING:pe_image_reader.cc(340)] could not read dos header from C:\WINDOWS\System32\KERNELBASE.dll
[0424/203933.468:ERROR:process_memory_win.cc(73)] ReadMemory at 0x7ff86c660000 of 64 bytes failed: Only part of a ReadProcessMemory or WriteProcessMemory request was completed. (0x12B)
[0424/203933.468:WARNING:pe_image_reader.cc(340)] could not read dos header from C:\Program Files (x86)\Google\Chrome\Application\81.0.4044.113\chrome_elf.dll
[0424/203933.468:ERROR:process_memory_win.cc(73)] ReadMemory at 0x7ff88ff80000 of 64 bytes failed: Only part of a ReadProcessMemory or WriteProcessMemory request was completed. (0x12B)
[0424/203933.468:WARNING:pe_image_reader.cc(340)] could not read dos header from C:\WINDOWS\SYSTEM32\VERSION.dll
[0424/203933.468:ERROR:process_memory_win.cc(73)] ReadMemory at 0x7ff897ad0000 of 64 bytes failed: Only part of a ReadProcessMemory or WriteProcessMemory request was completed. (0x12B)
[0424/203933.468:WARNING:pe_image_reader.cc(340)] could not read dos header from C:\WINDOWS\System32\msvcrt.dll
[0424/203933.468:ERROR:process_memory_win.cc(73)] ReadMemory at 0x7ff895b50000 of 64 bytes failed: Only part of a ReadProcessMemory or WriteProcessMemory request was completed. (0x12B)
[0424/203933.469:WARNING:pe_image_reader.cc(340)] could not read dos header from C:\WINDOWS\System32\bcryptPrimitives.dll
[0424/203933.469:ERROR:process_memory_win.cc(73)] ReadMemory at 0x7ff897950000 of 64 bytes failed: Only part of a ReadProcessMemory or WriteProcessMemory request was completed. (0x12B)
[0424/203933.469:WARNING:pe_image_reader.cc(340)] could not read dos header from C:\WINDOWS\System32\ADVAPI32.dll
[0424/203933.469:ERROR:process_memory_win.cc(73)] ReadMemory at 0x7ff897000000 of 64 bytes failed: Only part of a ReadProcessMemory or WriteProcessMemory request was completed. (0x12B)
[0424/203933.469:WARNING:pe_image_reader.cc(340)] could not read dos header from C:\WINDOWS\System32\sechost.dll
[0424/203933.469:ERROR:process_memory_win.cc(73)] ReadMemory at 0x7ff897210000 of 64 bytes failed: Only part of a ReadProcessMemory or WriteProcessMemory request was completed. (0x12B)
[0424/203933.469:WARNING:pe_image_reader.cc(340)] could not read dos header from C:\WINDOWS\System32\RPCRT4.dll
[0424/203933.469:ERROR:process_memory_win.cc(73)] ReadMemory at 0x7ff834d70000 of 64 bytes failed: Only part of a ReadProcessMemory or WriteProcessMemory request was completed. (0x12B)
[0424/203933.469:WARNING:pe_image_reader.cc(340)] could not read dos header from C:\Program Files (x86)\Google\Chrome\Application\81.0.4044.113\chrome.dll
[0424/203933.469:ERROR:process_memory_win.cc(73)] ReadMemory at 0x7ff8968d0000 of 64 bytes failed: Only part of a ReadProcessMemory or WriteProcessMemory request was completed. (0x12B)
[0424/203933.469:WARNING:pe_image_reader.cc(340)] could not read dos header from C:\WINDOWS\System32\WS2_32.dll
[0424/203933.469:ERROR:process_memory_win.cc(73)] ReadMemory at 0x7ff896ae0000 of 64 bytes failed: Only part of a ReadProcessMemory or WriteProcessMemory request was completed. (0x12B)
[0424/203933.469:WARNING:pe_image_reader.cc(340)] could not read dos header from C:\WINDOWS\System32\OLEAUT32.dll
[0424/203933.469:ERROR:process_memory_win.cc(73)] ReadMemory at 0x7ff896720000 of 64 bytes failed: Only part of a ReadProcessMemory or WriteProcessMemory request was completed. (0x12B)
[0424/203933.469:WARNING:pe_image_reader.cc(340)] could not read dos header from C:\WINDOWS\System32\msvcp_win.dll
[0424/203933.469:ERROR:process_memory_win.cc(73)] ReadMemory at 0x7ff895a50000 of 64 bytes failed: Only part of a ReadProcessMemory or WriteProcessMemory request was completed. (0x12B)
[0424/203933.469:WARNING:pe_image_reader.cc(340)] could not read dos header from C:\WINDOWS\System32\ucrtbase.dll
[0424/203933.469:ERROR:process_memory_win.cc(73)] ReadMemory at 0x7ff897d20000 of 64 bytes failed: Only part of a ReadProcessMemory or WriteProcessMemory request was completed. (0x12B)
[0424/203933.469:WARNING:pe_image_reader.cc(340)] could not read dos header from C:\WINDOWS\System32\combase.dll
[0424/203933.469:ERROR:process_memory_win.cc(73)] ReadMemory at 0x7ff896570000 of 64 bytes failed: Only part of a ReadProcessMemory or WriteProcessMemory request was completed. (0x12B)
[0424/203933.469:WARNING:pe_image_reader.cc(340)] could not read dos header from C:\WINDOWS\System32\WINTRUST.dll
[0424/203933.469:ERROR:process_memory_win.cc(73)] ReadMemory at 0x7ff8956c0000 of 64 bytes failed: Only part of a ReadProcessMemory or WriteProcessMemory request was completed. (0x12B)
[0424/203933.469:WARNING:pe_image_reader.cc(340)] could not read dos header from C:\WINDOWS\System32\MSASN1.dll
[0424/203933.469:ERROR:process_memory_win.cc(73)] ReadMemory at 0x7ff8965d0000 of 64 bytes failed: Only part of a ReadProcessMemory or WriteProcessMemory request was completed. (0x12B)
[0424/203933.469:WARNING:pe_image_reader.cc(340)] could not read dos header from C:\WINDOWS\System32\CRYPT32.dll
[0424/203933.469:ERROR:process_memory_win.cc(73)] ReadMemory at 0x7ff894ba0000 of 64 bytes failed: Only part of a ReadProcessMemory or WriteProcessMemory request was completed. (0x12B)
[0424/203933.469:WARNING:pe_image_reader.cc(340)] could not read dos header from C:\WINDOWS\SYSTEM32\IPHLPAPI.DLL
[0424/203933.469:ERROR:process_memory_win.cc(73)] ReadMemory at 0x7ff88d0d0000 of 64 bytes failed: Only part of a ReadProcessMemory or WriteProcessMemory request was completed. (0x12B)
[0424/203933.470:WARNING:pe_image_reader.cc(340)] could not read dos header from C:\WINDOWS\SYSTEM32\WINMM.dll
[0424/203933.470:ERROR:process_memory_win.cc(73)] ReadMemory at 0x7ff8896a0000 of 64 bytes failed: Only part of a ReadProcessMemory or WriteProcessMemory request was completed. (0x12B)
[0424/203933.470:WARNING:pe_image_reader.cc(340)] could not read dos header from C:\WINDOWS\SYSTEM32\Secur32.dll
[0424/203933.470:ERROR:process_memory_win.cc(73)] ReadMemory at 0x7ff8955a0000 of 64 bytes failed: Only part of a ReadProcessMemory or WriteProcessMemory request was completed. (0x12B)
[0424/203933.470:WARNING:pe_image_reader.cc(340)] could not read dos header from C:\WINDOWS\SYSTEM32\USERENV.dll
[0424/203933.470:ERROR:process_memory_win.cc(73)] ReadMemory at 0x7ff895690000 of 64 bytes failed: Only part of a ReadProcessMemory or WriteProcessMemory request was completed. (0x12B)
[0424/203933.470:WARNING:pe_image_reader.cc(340)] could not read dos header from C:\WINDOWS\System32\profapi.dll
[0424/203933.470:ERROR:process_memory_win.cc(73)] ReadMemory at 0x7ff869dd0000 of 64 bytes failed: Only part of a ReadProcessMemory or WriteProcessMemory request was completed. (0x12B)
[0424/203933.470:WARNING:pe_image_reader.cc(340)] could not read dos header from C:\WINDOWS\SYSTEM32\UIAutomationCore.DLL
[0424/203933.470:ERROR:process_memory_win.cc(73)] ReadMemory at 0x7ff883c60000 of 64 bytes failed: Only part of a ReadProcessMemory or WriteProcessMemory request was completed. (0x12B)
[0424/203933.470:WARNING:pe_image_reader.cc(340)] could not read dos header from C:\WINDOWS\SYSTEM32\DWrite.dll
[0424/203933.470:ERROR:process_memory_win.cc(73)] ReadMemory at 0x7ff8800e0000 of 64 bytes failed: Only part of a ReadProcessMemory or WriteProcessMemory request was completed. (0x12B)
[0424/203933.470:WARNING:pe_image_reader.cc(340)] could not read dos header from C:\WINDOWS\SYSTEM32\WINSPOOL.DRV
[0424/203933.470:ERROR:process_memory_win.cc(73)] ReadMemory at 0x7ff8956e0000 of 64 bytes failed: Only part of a ReadProcessMemory or WriteProcessMemory request was completed. (0x12B)
[0424/203933.470:WARNING:pe_image_reader.cc(340)] could not read dos header from C:\WINDOWS\System32\kernel.appcore.dll
[0424/203933.470:ERROR:process_memory_win.cc(73)] ReadMemory at 0x7ff896540000 of 64 bytes failed: Only part of a ReadProcessMemory or WriteProcessMemory request was completed. (0x12B)
[0424/203933.470:WARNING:pe_image_reader.cc(340)] could not read dos header from C:\WINDOWS\System32\bcrypt.dll
[0424/203933.470:ERROR:process_memory_win.cc(73)] ReadMemory at 0x7ff88f1a0000 of 64 bytes failed: Only part of a ReadProcessMemory or WriteProcessMemory request was completed. (0x12B)
[0424/203933.470:WARNING:pe_image_reader.cc(340)] could not read dos header from C:\WINDOWS\SYSTEM32\dbghelp.dll
[0424/203933.470:ERROR:process_memory_win.cc(73)] ReadMemory at 0x7ff88d110000 of 64 bytes failed: Only part of a ReadProcessMemory or WriteProcessMemory request was completed. (0x12B)
[0424/203933.470:WARNING:pe_image_reader.cc(340)] could not read dos header from C:\WINDOWS\SYSTEM32\WINHTTP.dll
[0424/203933.470:ERROR:process_memory_win.cc(73)] ReadMemory at 0x7ff88eaa0000 of 64 bytes failed: Only part of a ReadProcessMemory or WriteProcessMemory request was completed. (0x12B)
[0424/203933.470:WARNING:pe_image_reader.cc(340)] could not read dos header from C:\WINDOWS\SYSTEM32\dhcpcsvc.DLL
[0424/203933.470:ERROR:process_memory_win.cc(73)] ReadMemory at 0x7ff898770000 of 64 bytes failed: Only part of a ReadProcessMemory or WriteProcessMemory request was completed. (0x12B)
[0424/203933.470:WARNING:pe_image_reader.cc(340)] could not read dos header from C:\WINDOWS\System32\NSI.dll
[0424/203933.470:ERROR:process_memory_win.cc(73)] ReadMemory at 0x7ff88ce90000 of 64 bytes failed: Only part of a ReadProcessMemory or WriteProcessMemory request was completed. (0x12B)
[0424/203933.470:WARNING:pe_image_reader.cc(340)] could not read dos header from C:\WINDOWS\SYSTEM32\WINMMBASE.dll
[0424/203933.470:ERROR:process_memory_win.cc(73)] ReadMemory at 0x7ff8964f0000 of 64 bytes failed: Only part of a ReadProcessMemory or WriteProcessMemory request was completed. (0x12B)
[0424/203933.471:WARNING:pe_image_reader.cc(340)] could not read dos header from C:\WINDOWS\System32\cfgmgr32.dll
[0424/203933.471:ERROR:process_memory_win.cc(73)] ReadMemory at 0x7ff891980000 of 64 bytes failed: Only part of a ReadProcessMemory or WriteProcessMemory request was completed. (0x12B)
[0424/203933.471:WARNING:pe_image_reader.cc(340)] could not read dos header from C:\WINDOWS\SYSTEM32\PROPSYS.dll
[0424/203933.471:ERROR:process_memory_win.cc(73)] ReadMemory at 0x7ff896e40000 of 64 bytes failed: Only part of a ReadProcessMemory or WriteProcessMemory request was completed. (0x12B)
[0424/203933.471:WARNING:pe_image_reader.cc(340)] could not read dos header from C:\WINDOWS\System32\shcore.dll
[0424/203933.471:ERROR:process_memory_win.cc(73)] ReadMemory at 0x7ff895570000 of 64 bytes failed: Only part of a ReadProcessMemory or WriteProcessMemory request was completed. (0x12B)
[0424/203933.471:WARNING:pe_image_reader.cc(340)] could not read dos header from C:\WINDOWS\SYSTEM32\SSPICLI.DLL
[0424/203933.471:ERROR:process_memory_win.cc(73)] ReadMemory at 0x7ff898060000 of 64 bytes failed: Only part of a ReadProcessMemory or WriteProcessMemory request was completed. (0x12B)
[0424/203933.471:WARNING:pe_image_reader.cc(340)] could not read dos header from C:\WINDOWS\System32\SHELL32.dll
[0424/203933.471:ERROR:process_memory_win.cc(73)] ReadMemory at 0x7ff895bd0000 of 64 bytes failed: Only part of a ReadProcessMemory or WriteProcessMemory request was completed. (0x12B)
[0424/203933.471:WARNING:pe_image_reader.cc(340)] could not read dos header from C:\WINDOWS\System32\windows.storage.dll
[0424/203933.471:ERROR:process_memory_win.cc(73)] ReadMemory at 0x7ff895700000 of 64 bytes failed: Only part of a ReadProcessMemory or WriteProcessMemory request was completed. (0x12B)
[0424/203933.471:WARNING:pe_image_reader.cc(340)] could not read dos header from C:\WINDOWS\System32\powrprof.dll
[0424/203933.471:ERROR:process_memory_win.cc(73)] ReadMemory at 0x7ff895680000 of 64 bytes failed: Only part of a ReadProcessMemory or WriteProcessMemory request was completed. (0x12B)
[0424/203933.471:WARNING:pe_image_reader.cc(340)] could not read dos header from C:\WINDOWS\System32\UMPDC.dll
[0424/203933.471:ERROR:process_memory_win.cc(73)] ReadMemory at 0x7ff896ef0000 of 64 bytes failed: Only part of a ReadProcessMemory or WriteProcessMemory request was completed. (0x12B)
[0424/203933.471:WARNING:pe_image_reader.cc(340)] could not read dos header from C:\WINDOWS\System32\shlwapi.dll
[0424/203933.471:ERROR:process_memory_win.cc(73)] ReadMemory at 0x7ff8970a0000 of 64 bytes failed: Only part of a ReadProcessMemory or WriteProcessMemory request was completed. (0x12B)
[0424/203933.471:WARNING:pe_image_reader.cc(340)] could not read dos header from C:\WINDOWS\System32\GDI32.dll
[0424/203933.471:ERROR:process_memory_win.cc(73)] ReadMemory at 0x7ff895a20000 of 64 bytes failed: Only part of a ReadProcessMemory or WriteProcessMemory request was completed. (0x12B)
[0424/203933.471:WARNING:pe_image_reader.cc(340)] could not read dos header from C:\WINDOWS\System32\win32u.dll
[0424/203933.471:ERROR:process_memory_win.cc(73)] ReadMemory at 0x7ff896350000 of 64 bytes failed: Only part of a ReadProcessMemory or WriteProcessMemory request was completed. (0x12B)
[0424/203933.471:WARNING:pe_image_reader.cc(340)] could not read dos header from C:\WINDOWS\System32\gdi32full.dll
[0424/203933.471:ERROR:process_memory_win.cc(73)] ReadMemory at 0x7ff896940000 of 64 bytes failed: Only part of a ReadProcessMemory or WriteProcessMemory request was completed. (0x12B)
[0424/203933.471:WARNING:pe_image_reader.cc(340)] could not read dos header from C:\WINDOWS\System32\USER32.dll
[0424/203933.471:ERROR:process_memory_win.cc(73)] ReadMemory at 0x7ff895a00000 of 64 bytes failed: Only part of a ReadProcessMemory or WriteProcessMemory request was completed. (0x12B)
[0424/203933.472:WARNING:pe_image_reader.cc(340)] could not read dos header from C:\WINDOWS\System32\cryptsp.dll
[0424/203933.472:ERROR:process_memory_win.cc(73)] ReadMemory at 0x7ff8977b0000 of 64 bytes failed: Only part of a ReadProcessMemory or WriteProcessMemory request was completed. (0x12B)
[0424/203933.472:WARNING:pe_image_reader.cc(340)] could not read dos header from C:\WINDOWS\System32\IMM32.DLL
[0424/203933.472:ERROR:process_memory_win.cc(73)] ReadMemory at 0x7ff8950c0000 of 64 bytes failed: Only part of a ReadProcessMemory or WriteProcessMemory request was completed. (0x12B)
[0424/203933.472:WARNING:pe_image_reader.cc(340)] could not read dos header from C:\WINDOWS\SYSTEM32\CRYPTBASE.DLL
[0424/203933.472:ERROR:process_memory_win.cc(73)] ReadMemory at 0x7ff6a1ef0000 of 64 bytes failed: Only part of a ReadProcessMemory or WriteProcessMemory request was completed. (0x12B)
[0424/203933.472:WARNING:pe_image_reader.cc(340)] could not read dos header from C:\Program Files (x86)\Google\Chrome\Application\chrome.exe
[0424/203933.472:ERROR:process_memory_win.cc(73)] ReadMemory at 0x7ff8987c0000 of 64 bytes failed: Only part of a ReadProcessMemory or WriteProcessMemory request was completed. (0x12B)
[0424/203933.472:WARNING:pe_image_reader.cc(340)] could not read dos header from C:\WINDOWS\SYSTEM32\ntdll.dll
[0424/203933.472:ERROR:process_memory_win.cc(73)] ReadMemory at 0x7ff897a00000 of 64 bytes failed: Only part of a ReadProcessMemory or WriteProcessMemory request was completed. (0x12B)
[0424/203933.472:WARNING:pe_image_reader.cc(340)] could not read dos header from C:\WINDOWS\System32\KERNEL32.DLL
[0424/203933.472:ERROR:process_memory_win.cc(73)] ReadMemory at 0x7ff895750000 of 64 bytes failed: Only part of a ReadProcessMemory or WriteProcessMemory request was completed. (0x12B)
[0424/203933.472:WARNING:pe_image_reader.cc(340)] could not read dos header from C:\WINDOWS\System32\KERNELBASE.dll
[0424/203933.472:ERROR:process_memory_win.cc(73)] ReadMemory at 0x7ff86c660000 of 64 bytes failed: Only part of a ReadProcessMemory or WriteProcessMemory request was completed. (0x12B)
[0424/203933.472:WARNING:pe_image_reader.cc(340)] could not read dos header from C:\Program Files (x86)\Google\Chrome\Application\81.0.4044.113\chrome_elf.dll
[0424/203933.472:ERROR:process_memory_win.cc(73)] ReadMemory at 0x7ff88ff80000 of 64 bytes failed: Only part of a ReadProcessMemory or WriteProcessMemory request was completed. (0x12B)
[0424/203933.472:WARNING:pe_image_reader.cc(340)] could not read dos header from C:\WINDOWS\SYSTEM32\VERSION.dll
[0424/203933.472:ERROR:process_memory_win.cc(73)] ReadMemory at 0x7ff897ad0000 of 64 bytes failed: Only part of a ReadProcessMemory or WriteProcessMemory request was completed. (0x12B)
[0424/203933.472:WARNING:pe_image_reader.cc(340)] could not read dos header from C:\WINDOWS\System32\msvcrt.dll
[0424/203933.472:ERROR:process_memory_win.cc(73)] ReadMemory at 0x7ff895b50000 of 64 bytes failed: Only part of a ReadProcessMemory or WriteProcessMemory request was completed. (0x12B)
[0424/203933.472:WARNING:pe_image_reader.cc(340)] could not read dos header from C:\WINDOWS\System32\bcryptPrimitives.dll
[0424/203933.472:ERROR:process_memory_win.cc(73)] ReadMemory at 0x7ff897950000 of 64 bytes failed: Only part of a ReadProcessMemory or WriteProcessMemory request was completed. (0x12B)
[0424/203933.472:WARNING:pe_image_reader.cc(340)] could not read dos header from C:\WINDOWS\System32\ADVAPI32.dll
[0424/203933.472:ERROR:process_memory_win.cc(73)] ReadMemory at 0x7ff897000000 of 64 bytes failed: Only part of a ReadProcessMemory or WriteProcessMemory request was completed. (0x12B)
[0424/203933.472:WARNING:pe_image_reader.cc(340)] could not read dos header from C:\WINDOWS\System32\sechost.dll
[0424/203933.472:ERROR:process_memory_win.cc(73)] ReadMemory at 0x7ff897210000 of 64 bytes failed: Only part of a ReadProcessMemory or WriteProcessMemory request was completed. (0x12B)
[0424/203933.472:WARNING:pe_image_reader.cc(340)] could not read dos header from C:\WINDOWS\System32\RPCRT4.dll
[0424/203933.473:ERROR:process_memory_win.cc(73)] ReadMemory at 0x7ff834d70000 of 64 bytes failed: Only part of a ReadProcessMemory or WriteProcessMemory request was completed. (0x12B)
[0424/203933.473:WARNING:pe_image_reader.cc(340)] could not read dos header from C:\Program Files (x86)\Google\Chrome\Application\81.0.4044.113\chrome.dll
[0424/203933.473:ERROR:process_memory_win.cc(73)] ReadMemory at 0x7ff8968d0000 of 64 bytes failed: Only part of a ReadProcessMemory or WriteProcessMemory request was completed. (0x12B)
[0424/203933.473:WARNING:pe_image_reader.cc(340)] could not read dos header from C:\WINDOWS\System32\WS2_32.dll
[0424/203933.473:ERROR:process_memory_win.cc(73)] ReadMemory at 0x7ff896ae0000 of 64 bytes failed: Only part of a ReadProcessMemory or WriteProcessMemory request was completed. (0x12B)
[0424/203933.473:WARNING:pe_image_reader.cc(340)] could not read dos header from C:\WINDOWS\System32\OLEAUT32.dll
[0424/203933.473:ERROR:process_memory_win.cc(73)] ReadMemory at 0x7ff896720000 of 64 bytes failed: Only part of a ReadProcessMemory or WriteProcessMemory request was completed. (0x12B)
[0424/203933.473:WARNING:pe_image_reader.cc(340)] could not read dos header from C:\WINDOWS\System32\msvcp_win.dll
[0424/203933.473:ERROR:process_memory_win.cc(73)] ReadMemory at 0x7ff895a50000 of 64 bytes failed: Only part of a ReadProcessMemory or WriteProcessMemory request was completed. (0x12B)
[0424/203933.473:WARNING:pe_image_reader.cc(340)] could not read dos header from C:\WINDOWS\System32\ucrtbase.dll
[0424/203933.473:ERROR:process_memory_win.cc(73)] ReadMemory at 0x7ff897d20000 of 64 bytes failed: Only part of a ReadProcessMemory or WriteProcessMemory request was completed. (0x12B)
[0424/203933.473:WARNING:pe_image_reader.cc(340)] could not read dos header from C:\WINDOWS\System32\combase.dll
[0424/203933.473:ERROR:process_memory_win.cc(73)] ReadMemory at 0x7ff896570000 of 64 bytes failed: Only part of a ReadProcessMemory or WriteProcessMemory request was completed. (0x12B)
[0424/203933.473:WARNING:pe_image_reader.cc(340)] could not read dos header from C:\WINDOWS\System32\WINTRUST.dll
[0424/203933.473:ERROR:process_memory_win.cc(73)] ReadMemory at 0x7ff8956c0000 of 64 bytes failed: Only part of a ReadProcessMemory or WriteProcessMemory request was completed. (0x12B)
[0424/203933.473:WARNING:pe_image_reader.cc(340)] could not read dos header from C:\WINDOWS\System32\MSASN1.dll
[0424/203933.473:ERROR:process_memory_win.cc(73)] ReadMemory at 0x7ff8965d0000 of 64 bytes failed: Only part of a ReadProcessMemory or WriteProcessMemory request was completed. (0x12B)
[0424/203933.473:WARNING:pe_image_reader.cc(340)] could not read dos header from C:\WINDOWS\System32\CRYPT32.dll
[0424/203933.473:ERROR:process_memory_win.cc(73)] ReadMemory at 0x7ff894ba0000 of 64 bytes failed: Only part of a ReadProcessMemory or WriteProcessMemory request was completed. (0x12B)
[0424/203933.473:WARNING:pe_image_reader.cc(340)] could not read dos header from C:\WINDOWS\SYSTEM32\IPHLPAPI.DLL
[0424/203933.473:ERROR:process_memory_win.cc(73)] ReadMemory at 0x7ff88d0d0000 of 64 bytes failed: Only part of a ReadProcessMemory or WriteProcessMemory request was completed. (0x12B)
[0424/203933.473:WARNING:pe_image_reader.cc(340)] could not read dos header from C:\WINDOWS\SYSTEM32\WINMM.dll
[0424/203933.473:ERROR:process_memory_win.cc(73)] ReadMemory at 0x7ff8896a0000 of 64 bytes failed: Only part of a ReadProcessMemory or WriteProcessMemory request was completed. (0x12B)
[0424/203933.474:WARNING:pe_image_reader.cc(340)] could not read dos header from C:\WINDOWS\SYSTEM32\Secur32.dll
[0424/203933.474:ERROR:process_memory_win.cc(73)] ReadMemory at 0x7ff8955a0000 of 64 bytes failed: Only part of a ReadProcessMemory or WriteProcessMemory request was completed. (0x12B)
[0424/203933.474:WARNING:pe_image_reader.cc(340)] could not read dos header from C:\WINDOWS\SYSTEM32\USERENV.dll
[0424/203933.474:ERROR:process_memory_win.cc(73)] ReadMemory at 0x7ff895690000 of 64 bytes failed: Only part of a ReadProcessMemory or WriteProcessMemory request was completed. (0x12B)
[0424/203933.474:WARNING:pe_image_reader.cc(340)] could not read dos header from C:\WINDOWS\System32\profapi.dll
[0424/203933.474:ERROR:process_memory_win.cc(73)] ReadMemory at 0x7ff869dd0000 of 64 bytes failed: Only part of a ReadProcessMemory or WriteProcessMemory request was completed. (0x12B)
[0424/203933.474:WARNING:pe_image_reader.cc(340)] could not read dos header from C:\WINDOWS\SYSTEM32\UIAutomationCore.DLL
[0424/203933.474:ERROR:process_memory_win.cc(73)] ReadMemory at 0x7ff883c60000 of 64 bytes failed: Only part of a ReadProcessMemory or WriteProcessMemory request was completed. (0x12B)
[0424/203933.474:WARNING:pe_image_reader.cc(340)] could not read dos header from C:\WINDOWS\SYSTEM32\DWrite.dll
[0424/203933.474:ERROR:process_memory_win.cc(73)] ReadMemory at 0x7ff8800e0000 of 64 bytes failed: Only part of a ReadProcessMemory or WriteProcessMemory request was completed. (0x12B)
[0424/203933.474:WARNING:pe_image_reader.cc(340)] could not read dos header from C:\WINDOWS\SYSTEM32\WINSPOOL.DRV
[0424/203933.474:ERROR:process_memory_win.cc(73)] ReadMemory at 0x7ff8956e0000 of 64 bytes failed: Only part of a ReadProcessMemory or WriteProcessMemory request was completed. (0x12B)
[0424/203933.474:WARNING:pe_image_reader.cc(340)] could not read dos header from C:\WINDOWS\System32\kernel.appcore.dll
[0424/203933.474:ERROR:process_memory_win.cc(73)] ReadMemory at 0x7ff896540000 of 64 bytes failed: Only part of a ReadProcessMemory or WriteProcessMemory request was completed. (0x12B)
[0424/203933.474:WARNING:pe_image_reader.cc(340)] could not read dos header from C:\WINDOWS\System32\bcrypt.dll
[0424/203933.474:ERROR:process_memory_win.cc(73)] ReadMemory at 0x7ff88f1a0000 of 64 bytes failed: Only part of a ReadProcessMemory or WriteProcessMemory request was completed. (0x12B)
[0424/203933.474:WARNING:pe_image_reader.cc(340)] could not read dos header from C:\WINDOWS\SYSTEM32\dbghelp.dll
[0424/203933.474:ERROR:process_memory_win.cc(73)] ReadMemory at 0x7ff88d110000 of 64 bytes failed: Only part of a ReadProcessMemory or WriteProcessMemory request was completed. (0x12B)
[0424/203933.474:WARNING:pe_image_reader.cc(340)] could not read dos header from C:\WINDOWS\SYSTEM32\WINHTTP.dll
[0424/203933.474:ERROR:process_memory_win.cc(73)] ReadMemory at 0x7ff88eaa0000 of 64 bytes failed: Only part of a ReadProcessMemory or WriteProcessMemory request was completed. (0x12B)
[0424/203933.474:WARNING:pe_image_reader.cc(340)] could not read dos header from C:\WINDOWS\SYSTEM32\dhcpcsvc.DLL
[0424/203933.474:ERROR:process_memory_win.cc(73)] ReadMemory at 0x7ff898770000 of 64 bytes failed: Only part of a ReadProcessMemory or WriteProcessMemory request was completed. (0x12B)
[0424/203933.474:WARNING:pe_image_reader.cc(340)] could not read dos header from C:\WINDOWS\System32\NSI.dll
[0424/203933.474:ERROR:process_memory_win.cc(73)] ReadMemory at 0x7ff88ce90000 of 64 bytes failed: Only part of a ReadProcessMemory or WriteProcessMemory request was completed. (0x12B)
[0424/203933.475:WARNING:pe_image_reader.cc(340)] could not read dos header from C:\WINDOWS\SYSTEM32\WINMMBASE.dll
[0424/203933.475:ERROR:process_memory_win.cc(73)] ReadMemory at 0x7ff8964f0000 of 64 bytes failed: Only part of a ReadProcessMemory or WriteProcessMemory request was completed. (0x12B)
[0424/203933.475:WARNING:pe_image_reader.cc(340)] could not read dos header from C:\WINDOWS\System32\cfgmgr32.dll
[0424/203933.475:ERROR:process_memory_win.cc(73)] ReadMemory at 0x7ff891980000 of 64 bytes failed: Only part of a ReadProcessMemory or WriteProcessMemory request was completed. (0x12B)
[0424/203933.475:WARNING:pe_image_reader.cc(340)] could not read dos header from C:\WINDOWS\SYSTEM32\PROPSYS.dll
[0424/203933.475:ERROR:process_memory_win.cc(73)] ReadMemory at 0x7ff896e40000 of 64 bytes failed: Only part of a ReadProcessMemory or WriteProcessMemory request was completed. (0x12B)
[0424/203933.475:WARNING:pe_image_reader.cc(340)] could not read dos header from C:\WINDOWS\System32\shcore.dll
[0424/203933.475:ERROR:process_memory_win.cc(73)] ReadMemory at 0x7ff895570000 of 64 bytes failed: Only part of a ReadProcessMemory or WriteProcessMemory request was completed. (0x12B)
[0424/203933.475:WARNING:pe_image_reader.cc(340)] could not read dos header from C:\WINDOWS\SYSTEM32\SSPICLI.DLL
[0424/203933.475:ERROR:process_memory_win.cc(73)] ReadMemory at 0x7ff898060000 of 64 bytes failed: Only part of a ReadProcessMemory or WriteProcessMemory request was completed. (0x12B)
[0424/203933.475:WARNING:pe_image_reader.cc(340)] could not read dos header from C:\WINDOWS\System32\SHELL32.dll
[0424/203933.475:ERROR:process_memory_win.cc(73)] ReadMemory at 0x7ff895bd0000 of 64 bytes failed: Only part of a ReadProcessMemory or WriteProcessMemory request was completed. (0x12B)
[0424/203933.475:WARNING:pe_image_reader.cc(340)] could not read dos header from C:\WINDOWS\System32\windows.storage.dll
[0424/203933.475:ERROR:process_memory_win.cc(73)] ReadMemory at 0x7ff895700000 of 64 bytes failed: Only part of a ReadProcessMemory or WriteProcessMemory request was completed. (0x12B)
[0424/203933.475:WARNING:pe_image_reader.cc(340)] could not read dos header from C:\WINDOWS\System32\powrprof.dll
[0424/203933.475:ERROR:process_memory_win.cc(73)] ReadMemory at 0x7ff895680000 of 64 bytes failed: Only part of a ReadProcessMemory or WriteProcessMemory request was completed. (0x12B)
[0424/203933.475:WARNING:pe_image_reader.cc(340)] could not read dos header from C:\WINDOWS\System32\UMPDC.dll
[0424/203933.475:ERROR:process_memory_win.cc(73)] ReadMemory at 0x7ff896ef0000 of 64 bytes failed: Only part of a ReadProcessMemory or WriteProcessMemory request was completed. (0x12B)
[0424/203933.475:WARNING:pe_image_reader.cc(340)] could not read dos header from C:\WINDOWS\System32\shlwapi.dll
[0424/203933.475:ERROR:process_memory_win.cc(73)] ReadMemory at 0x7ff8970a0000 of 64 bytes failed: Only part of a ReadProcessMemory or WriteProcessMemory request was completed. (0x12B)
[0424/203933.475:WARNING:pe_image_reader.cc(340)] could not read dos header from C:\WINDOWS\System32\GDI32.dll
[0424/203933.475:ERROR:process_memory_win.cc(73)] ReadMemory at 0x7ff895a20000 of 64 bytes failed: Only part of a ReadProcessMemory or WriteProcessMemory request was completed. (0x12B)
[0424/203933.475:WARNING:pe_image_reader.cc(340)] could not read dos header from C:\WINDOWS\System32\win32u.dll
[0424/203933.475:ERROR:process_memory_win.cc(73)] ReadMemory at 0x7ff896350000 of 64 bytes failed: Only part of a ReadProcessMemory or WriteProcessMemory request was completed. (0x12B)
[0424/203933.475:WARNING:pe_image_reader.cc(340)] could not read dos header from C:\WINDOWS\System32\gdi32full.dll
[0424/203933.475:ERROR:process_memory_win.cc(73)] ReadMemory at 0x7ff896940000 of 64 bytes failed: Only part of a ReadProcessMemory or WriteProcessMemory request was completed. (0x12B)
[0424/203933.476:WARNING:pe_image_reader.cc(340)] could not read dos header from C:\WINDOWS\System32\USER32.dll
[0424/203933.476:ERROR:process_memory_win.cc(73)] ReadMemory at 0x7ff895a00000 of 64 bytes failed: Only part of a ReadProcessMemory or WriteProcessMemory request was completed. (0x12B)
[0424/203933.476:WARNING:pe_image_reader.cc(340)] could not read dos header from C:\WINDOWS\System32\cryptsp.dll
[0424/203933.476:ERROR:process_memory_win.cc(73)] ReadMemory at 0x7ff8977b0000 of 64 bytes failed: Only part of a ReadProcessMemory or WriteProcessMemory request was completed. (0x12B)
[0424/203933.476:WARNING:pe_image_reader.cc(340)] could not read dos header from C:\WINDOWS\System32\IMM32.DLL
[0424/203933.476:ERROR:process_memory_win.cc(73)] ReadMemory at 0x7ff8950c0000 of 64 bytes failed: Only part of a ReadProcessMemory or WriteProcessMemory request was completed. (0x12B)
[0424/203933.476:WARNING:pe_image_reader.cc(340)] could not read dos header from C:\WINDOWS\SYSTEM32\CRYPTBASE.DLL
[0424/203933.496:ERROR:process_memory_win.cc(73)] ReadMemory at 0x6d0b7e8000 of 98304 bytes failed: Only part of a ReadProcessMemory or WriteProcessMemory request was completed. (0x12B)
[0424/203933.497:ERROR:process_memory_win.cc(73)] ReadMemory at 0x6d0bffd000 of 12288 bytes failed: Only part of a ReadProcessMemory or WriteProcessMemory request was completed. (0x12B)
[0424/203933.497:ERROR:process_memory_win.cc(73)] ReadMemory at 0x6d0c7f8000 of 32768 bytes failed: Only part of a ReadProcessMemory or WriteProcessMemory request was completed. (0x12B)
[0424/203933.497:ERROR:process_memory_win.cc(73)] ReadMemory at 0x6d0cffd000 of 12288 bytes failed: Only part of a ReadProcessMemory or WriteProcessMemory request was completed. (0x12B)
[0424/203933.497:ERROR:process_memory_win.cc(73)] ReadMemory at 0x6d0d7fb000 of 20480 bytes failed: Only part of a ReadProcessMemory or WriteProcessMemory request was completed. (0x12B)
[0424/203933.497:ERROR:process_memory_win.cc(73)] ReadMemory at 0x6d0dffe000 of 8192 bytes failed: Only part of a ReadProcessMemory or WriteProcessMemory request was completed. (0x12B)
[0424/203933.497:ERROR:process_memory_win.cc(73)] ReadMemory at 0x6d0e7fd000 of 12288 bytes failed: Only part of a ReadProcessMemory or WriteProcessMemory request was completed. (0x12B)
[0424/203933.497:ERROR:process_memory_win.cc(73)] ReadMemory at 0x6d0effb000 of 20480 bytes failed: Only part of a ReadProcessMemory or WriteProcessMemory request was completed. (0x12B)
[0424/203933.497:ERROR:process_memory_win.cc(73)] ReadMemory at 0x6d0fffd000 of 12288 bytes failed: Only part of a ReadProcessMemory or WriteProcessMemory request was completed. (0x12B)
[0424/203933.497:ERROR:process_memory_win.cc(73)] ReadMemory at 0x6d107f7000 of 36864 bytes failed: Only part of a ReadProcessMemory or WriteProcessMemory request was completed. (0x12B)
[0424/203933.498:ERROR:process_memory_win.cc(73)] ReadMemory at 0x6d10ff6000 of 40960 bytes failed: Only part of a ReadProcessMemory or WriteProcessMemory request was completed. (0x12B)
[0424/203933.498:ERROR:process_memory_win.cc(73)] ReadMemory at 0x6d117fc000 of 16384 bytes failed: Only part of a ReadProcessMemory or WriteProcessMemory request was completed. (0x12B)
[0424/203933.498:ERROR:process_memory_win.cc(73)] ReadMemory at 0x6d11ff8000 of 32768 bytes failed: Only part of a ReadProcessMemory or WriteProcessMemory request was completed. (0x12B)
[0424/203933.498:ERROR:process_memory_win.cc(73)] ReadMemory at 0x6d127f9000 of 28672 bytes failed: Only part of a ReadProcessMemory or WriteProcessMemory request was completed. (0x12B)
[0424/203933.498:ERROR:process_memory_win.cc(73)] ReadMemory at 0x6d12ffc000 of 16384 bytes failed: Only part of a ReadProcessMemory or WriteProcessMemory request was completed. (0x12B)
[0424/203933.498:ERROR:process_memory_win.cc(73)] ReadMemory at 0x6d0f7fd000 of 12288 bytes failed: Only part of a ReadProcessMemory or WriteProcessMemory request was completed. (0x12B)
[0424/203933.498:ERROR:process_memory_win.cc(73)] ReadMemory at 0x6d0ae48000 of 852 bytes failed: Only part of a ReadProcessMemory or WriteProcessMemory request was completed. (0x12B)
[0424/203933.498:ERROR:process_memory_win.cc(73)] ReadMemory at 0x6d0ae49000 of 6024 bytes failed: Only part of a ReadProcessMemory or WriteProcessMemory request was completed. (0x12B)
[0424/203933.498:ERROR:process_memory_win.cc(73)] ReadMemory at 0x6d0ae4b000 of 6024 bytes failed: Only part of a ReadProcessMemory or WriteProcessMemory request was completed. (0x12B)
[0424/203933.498:ERROR:process_memory_win.cc(73)] ReadMemory at 0x6d0ae4d000 of 6024 bytes failed: Only part of a ReadProcessMemory or WriteProcessMemory request was completed. (0x12B)
[0424/203933.498:ERROR:process_memory_win.cc(73)] ReadMemory at 0x6d0ae4f000 of 6024 bytes failed: Only part of a ReadProcessMemory or WriteProcessMemory request was completed. (0x12B)
[0424/203933.499:ERROR:process_memory_win.cc(73)] ReadMemory at 0x6d0ae51000 of 6024 bytes failed: Only part of a ReadProcessMemory or WriteProcessMemory request was completed. (0x12B)
[0424/203933.499:ERROR:process_memory_win.cc(73)] ReadMemory at 0x6d0ae53000 of 6024 bytes failed: Only part of a ReadProcessMemory or WriteProcessMemory request was completed. (0x12B)
[0424/203933.499:ERROR:process_memory_win.cc(73)] ReadMemory at 0x6d0ae55000 of 6024 bytes failed: Only part of a ReadProcessMemory or WriteProcessMemory request was completed. (0x12B)
[0424/203933.499:ERROR:process_memory_win.cc(73)] ReadMemory at 0x6d0ae57000 of 6024 bytes failed: Only part of a ReadProcessMemory or WriteProcessMemory request was completed. (0x12B)
[0424/203933.499:ERROR:process_memory_win.cc(73)] ReadMemory at 0x6d0ae5b000 of 6024 bytes failed: Only part of a ReadProcessMemory or WriteProcessMemory request was completed. (0x12B)
[0424/203933.499:ERROR:process_memory_win.cc(73)] ReadMemory at 0x6d0ae5d000 of 6024 bytes failed: Only part of a ReadProcessMemory or WriteProcessMemory request was completed. (0x12B)
[0424/203933.499:ERROR:process_memory_win.cc(73)] ReadMemory at 0x6d0ae5f000 of 6024 bytes failed: Only part of a ReadProcessMemory or WriteProcessMemory request was completed. (0x12B)
[0424/203933.499:ERROR:process_memory_win.cc(73)] ReadMemory at 0x6d0ae61000 of 6024 bytes failed: Only part of a ReadProcessMemory or WriteProcessMemory request was completed. (0x12B)
[0424/203933.499:ERROR:process_memory_win.cc(73)] ReadMemory at 0x6d0ae63000 of 6024 bytes failed: Only part of a ReadProcessMemory or WriteProcessMemory request was completed. (0x12B)
[0424/203933.499:ERROR:process_memory_win.cc(73)] ReadMemory at 0x6d0ae65000 of 6024 bytes failed: Only part of a ReadProcessMemory or WriteProcessMemory request was completed. (0x12B)
[0424/203933.499:ERROR:process_memory_win.cc(73)] ReadMemory at 0x6d0ae67000 of 6024 bytes failed: Only part of a ReadProcessMemory or WriteProcessMemory request was completed. (0x12B)
[0424/203933.500:ERROR:process_memory_win.cc(73)] ReadMemory at 0x6d0ae69000 of 6024 bytes failed: Only part of a ReadProcessMemory or WriteProcessMemory request was completed. (0x12B)
[0424/203933.500:ERROR:process_memory_win.cc(73)] ReadMemory at 0x23b13470fe0 of 3668 bytes failed: Only part of a ReadProcessMemory or WriteProcessMemory request was completed. (0x12B)
[0424/203933.500:ERROR:process_memory_win.cc(73)] ReadMemory at 0x23b13471e40 of 1012 bytes failed: Only part of a ReadProcessMemory or WriteProcessMemory request was completed. (0x12B)
[0424/203933.500:ERROR:process_memory_win.cc(73)] ReadMemory at 0x23b13472488 of 152 bytes failed: Only part of a ReadProcessMemory or WriteProcessMemory request was completed. (0x12B)
[0424/203933.500:ERROR:process_memory_win.cc(73)] ReadMemory at 0x23b13472522 of 118 bytes failed: Only part of a ReadProcessMemory or WriteProcessMemory request was completed. (0x12B)
[0424/203933.500:ERROR:process_memory_win.cc(73)] ReadMemory at 0x23b1347259a of 1272 bytes failed: Only part of a ReadProcessMemory or WriteProcessMemory request was completed. (0x12B)
[0424/203933.500:ERROR:process_memory_win.cc(73)] ReadMemory at 0x23b13472a94 of 118 bytes failed: Only part of a ReadProcessMemory or WriteProcessMemory request was completed. (0x12B)
[0424/203933.500:ERROR:process_memory_win.cc(73)] ReadMemory at 0x23b13472b0c of 96 bytes failed: Only part of a ReadProcessMemory or WriteProcessMemory request was completed. (0x12B)
[0424/203933.500:ERROR:process_memory_win.cc(73)] ReadMemory at 0x23b13472b80 of 58 bytes failed: Only part of a ReadProcessMemory or WriteProcessMemory request was completed. (0x12B)
[0424/203933.500:ERROR:process_memory_win.cc(73)] ReadMemory at 0x23b13472d30 of 132 bytes failed: Only part of a ReadProcessMemory or WriteProcessMemory request was completed. (0x12B)
[0424/203933.500:ERROR:process_memory_win.cc(73)] ReadMemory at 0x23b13472ec0 of 132 bytes failed: Only part of a ReadProcessMemory or WriteProcessMemory request was completed. (0x12B)
[0424/203933.500:ERROR:process_memory_win.cc(73)] ReadMemory at 0x23b13473080 of 126 bytes failed: Only part of a ReadProcessMemory or WriteProcessMemory request was completed. (0x12B)
[0424/203933.500:ERROR:process_memory_win.cc(73)] ReadMemory at 0x23b13473460 of 132 bytes failed: Only part of a ReadProcessMemory or WriteProcessMemory request was completed. (0x12B)
[0424/203933.501:ERROR:process_memory_win.cc(73)] ReadMemory at 0x23b134735f0 of 64 bytes failed: Only part of a ReadProcessMemory or WriteProcessMemory request was completed. (0x12B)
[0424/203933.501:ERROR:process_memory_win.cc(73)] ReadMemory at 0x23b13473640 of 132 bytes failed: Only part of a ReadProcessMemory or WriteProcessMemory request was completed. (0x12B)
[0424/203933.501:ERROR:process_memory_win.cc(73)] ReadMemory at 0x23b134737b0 of 132 bytes failed: Only part of a ReadProcessMemory or WriteProcessMemory request was completed. (0x12B)
[0424/203933.501:ERROR:process_memory_win.cc(73)] ReadMemory at 0x23b13473a50 of 132 bytes failed: Only part of a ReadProcessMemory or WriteProcessMemory request was completed. (0x12B)
[0424/203933.501:ERROR:process_memory_win.cc(73)] ReadMemory at 0x23b13473be0 of 68 bytes failed: Only part of a ReadProcessMemory or WriteProcessMemory request was completed. (0x12B)
[0424/203933.501:ERROR:process_memory_win.cc(73)] ReadMemory at 0x23b13474db0 of 132 bytes failed: Only part of a ReadProcessMemory or WriteProcessMemory request was completed. (0x12B)
[0424/203933.501:ERROR:process_memory_win.cc(73)] ReadMemory at 0x23b13474f40 of 154 bytes failed: Only part of a ReadProcessMemory or WriteProcessMemory request was completed. (0x12B)
[0424/203933.502:ERROR:process_memory_win.cc(73)] ReadMemory at 0x23b13475df0 of 62 bytes failed: Only part of a ReadProcessMemory or WriteProcessMemory request was completed. (0x12B)
[0424/203933.502:ERROR:process_memory_win.cc(73)] ReadMemory at 0x23b13475e40 of 146 bytes failed: Only part of a ReadProcessMemory or WriteProcessMemory request was completed. (0x12B)
[0424/203933.502:ERROR:process_memory_win.cc(73)] ReadMemory at 0x23b13475f80 of 60 bytes failed: Only part of a ReadProcessMemory or WriteProcessMemory request was completed. (0x12B)
[0424/203933.502:ERROR:process_memory_win.cc(73)] ReadMemory at 0x23b13476460 of 132 bytes failed: Only part of a ReadProcessMemory or WriteProcessMemory request was completed. (0x12B)
[0424/203933.502:ERROR:process_memory_win.cc(73)] ReadMemory at 0x23b1347672c of 512 bytes failed: Only part of a ReadProcessMemory or WriteProcessMemory request was completed. (0x12B)
[0424/203933.502:ERROR:process_memory_win.cc(73)] ReadMemory at 0x23b134774d0 of 132 bytes failed: Only part of a ReadProcessMemory or WriteProcessMemory request was completed. (0x12B)
[0424/203933.502:ERROR:process_memory_win.cc(73)] ReadMemory at 0x23b13477740 of 132 bytes failed: Only part of a ReadProcessMemory or WriteProcessMemory request was completed. (0x12B)
[0424/203933.502:ERROR:process_memory_win.cc(73)] ReadMemory at 0x23b13477950 of 132 bytes failed: Only part of a ReadProcessMemory or WriteProcessMemory request was completed. (0x12B)
[0424/203933.502:ERROR:process_memory_win.cc(73)] ReadMemory at 0x23b1347a4f0 of 132 bytes failed: Only part of a ReadProcessMemory or WriteProcessMemory request was completed. (0x12B)
[0424/203933.502:ERROR:process_memory_win.cc(73)] ReadMemory at 0x23b1347a620 of 132 bytes failed: Only part of a ReadProcessMemory or WriteProcessMemory request was completed. (0x12B)
[0424/203933.502:ERROR:process_memory_win.cc(73)] ReadMemory at 0x23b1347a7b0 of 80 bytes failed: Only part of a ReadProcessMemory or WriteProcessMemory request was completed. (0x12B)
[0424/203933.502:ERROR:process_memory_win.cc(73)] ReadMemory at 0x23b1347a9a0 of 64 bytes failed: Only part of a ReadProcessMemory or WriteProcessMemory request was completed. (0x12B)
[0424/203933.502:ERROR:process_memory_win.cc(73)] ReadMemory at 0x23b1347a9f0 of 60 bytes failed: Only part of a ReadProcessMemory or WriteProcessMemory request was completed. (0x12B)
[0424/203933.502:ERROR:process_memory_win.cc(73)] ReadMemory at 0x23b1347aae0 of 60 bytes failed: Only part of a ReadProcessMemory or WriteProcessMemory request was completed. (0x12B)
[0424/203933.503:ERROR:process_memory_win.cc(73)] ReadMemory at 0x23b1347ad10 of 64 bytes failed: Only part of a ReadProcessMemory or WriteProcessMemory request was completed. (0x12B)
[0424/203933.503:ERROR:process_memory_win.cc(73)] ReadMemory at 0x23b1347ad60 of 66 bytes failed: Only part of a ReadProcessMemory or WriteProcessMemory request was completed. (0x12B)
[0424/203933.503:ERROR:process_memory_win.cc(73)] ReadMemory at 0x23b1347ae50 of 64 bytes failed: Only part of a ReadProcessMemory or WriteProcessMemory request was completed. (0x12B)
[0424/203933.503:ERROR:process_memory_win.cc(73)] ReadMemory at 0x23b1347af40 of 62 bytes failed: Only part of a ReadProcessMemory or WriteProcessMemory request was completed. (0x12B)
[0424/203933.503:ERROR:process_memory_win.cc(73)] ReadMemory at 0x23b1347b030 of 64 bytes failed: Only part of a ReadProcessMemory or WriteProcessMemory request was completed. (0x12B)
[0424/203933.503:ERROR:process_memory_win.cc(73)] ReadMemory at 0x23b1347b080 of 62 bytes failed: Only part of a ReadProcessMemory or WriteProcessMemory request was completed. (0x12B)
[0424/203933.503:ERROR:process_memory_win.cc(73)] ReadMemory at 0x23b1347bd40 of 78 bytes failed: Only part of a ReadProcessMemory or WriteProcessMemory request was completed. (0x12B)
[0424/203933.503:ERROR:process_memory_win.cc(73)] ReadMemory at 0x23b1347be00 of 76 bytes failed: Only part of a ReadProcessMemory or WriteProcessMemory request was completed. (0x12B)
[0424/203933.504:ERROR:process_memory_win.cc(73)] ReadMemory at 0x23b1347c040 of 80 bytes failed: Only part of a ReadProcessMemory or WriteProcessMemory request was completed. (0x12B)
[0424/203933.504:ERROR:process_memory_win.cc(73)] ReadMemory at 0x23b1347ed90 of 54 bytes failed: Only part of a ReadProcessMemory or WriteProcessMemory request was completed. (0x12B)
[0424/203933.504:ERROR:process_memory_win.cc(73)] ReadMemory at 0x23b1347fa90 of 132 bytes failed: Only part of a ReadProcessMemory or WriteProcessMemory request was completed. (0x12B)
[0424/203933.504:ERROR:process_memory_win.cc(73)] ReadMemory at 0x23b1347fcb0 of 132 bytes failed: Only part of a ReadProcessMemory or WriteProcessMemory request was completed. (0x12B)
[0424/203933.504:ERROR:process_memory_win.cc(73)] ReadMemory at 0x23b13482510 of 132 bytes failed: Only part of a ReadProcessMemory or WriteProcessMemory request was completed. (0x12B)
[0424/203933.504:ERROR:process_memory_win.cc(73)] ReadMemory at 0x23b13482740 of 132 bytes failed: Only part of a ReadProcessMemory or WriteProcessMemory request was completed. (0x12B)
[0424/203933.504:ERROR:process_memory_win.cc(73)] ReadMemory at 0x23b13484ae0 of 132 bytes failed: Only part of a ReadProcessMemory or WriteProcessMemory request was completed. (0x12B)
[0424/203933.504:ERROR:process_memory_win.cc(73)] ReadMemory at 0x23b13484c10 of 132 bytes failed: Only part of a ReadProcessMemory or WriteProcessMemory request was completed. (0x12B)
[0424/203933.504:ERROR:process_memory_win.cc(73)] ReadMemory at 0x23b13484d40 of 132 bytes failed: Only part of a ReadProcessMemory or WriteProcessMemory request was completed. (0x12B)
[0424/203933.504:ERROR:process_memory_win.cc(73)] ReadMemory at 0x23b13484e70 of 132 bytes failed: Only part of a ReadProcessMemory or WriteProcessMemory request was completed. (0x12B)
[0424/203933.504:ERROR:process_memory_win.cc(73)] ReadMemory at 0x23b13484fa0 of 132 bytes failed: Only part of a ReadProcessMemory or WriteProcessMemory request was completed. (0x12B)
[0424/203933.504:ERROR:process_memory_win.cc(73)] ReadMemory at 0x23b134850d0 of 132 bytes failed: Only part of a ReadProcessMemory or WriteProcessMemory request was completed. (0x12B)
[0424/203933.505:ERROR:process_memory_win.cc(73)] ReadMemory at 0x23b13485330 of 132 bytes failed: Only part of a ReadProcessMemory or WriteProcessMemory request was completed. (0x12B)
[0424/203933.505:ERROR:process_memory_win.cc(73)] ReadMemory at 0x23b13485460 of 132 bytes failed: Only part of a ReadProcessMemory or WriteProcessMemory request was completed. (0x12B)
[0424/203933.505:ERROR:process_memory_win.cc(73)] ReadMemory at 0x23b13485590 of 132 bytes failed: Only part of a ReadProcessMemory or WriteProcessMemory request was completed. (0x12B)
[0424/203933.505:ERROR:process_memory_win.cc(73)] ReadMemory at 0x23b134856c0 of 132 bytes failed: Only part of a ReadProcessMemory or WriteProcessMemory request was completed. (0x12B)
[0424/203933.505:ERROR:process_memory_win.cc(73)] ReadMemory at 0x23b134857f0 of 132 bytes failed: Only part of a ReadProcessMemory or WriteProcessMemory request was completed. (0x12B)
[0424/203933.505:ERROR:process_memory_win.cc(73)] ReadMemory at 0x23b13485920 of 132 bytes failed: Only part of a ReadProcessMemory or WriteProcessMemory request was completed. (0x12B)
[0424/203933.505:ERROR:process_memory_win.cc(73)] ReadMemory at 0x23b13485da0 of 64 bytes failed: Only part of a ReadProcessMemory or WriteProcessMemory request was completed. (0x12B)
[0424/203933.505:ERROR:process_memory_win.cc(73)] ReadMemory at 0x23b13485e90 of 62 bytes failed: Only part of a ReadProcessMemory or WriteProcessMemory request was completed. (0x12B)
[0424/203933.505:ERROR:process_memory_win.cc(73)] ReadMemory at 0x23b13485fd0 of 60 bytes failed: Only part of a ReadProcessMemory or WriteProcessMemory request was completed. (0x12B)
[0424/203933.505:ERROR:process_memory_win.cc(73)] ReadMemory at 0x23b13486070 of 62 bytes failed: Only part of a ReadProcessMemory or WriteProcessMemory request was completed. (0x12B)
[0424/203933.505:ERROR:process_memory_win.cc(73)] ReadMemory at 0x23b13486110 of 62 bytes failed: Only part of a ReadProcessMemory or WriteProcessMemory request was completed. (0x12B)
[0424/203933.505:ERROR:process_memory_win.cc(73)] ReadMemory at 0x23b13486160 of 62 bytes failed: Only part of a ReadProcessMemory or WriteProcessMemory request was completed. (0x12B)
[0424/203933.505:ERROR:process_memory_win.cc(73)] ReadMemory at 0x23b134862f0 of 62 bytes failed: Only part of a ReadProcessMemory or WriteProcessMemory request was completed. (0x12B)
[0424/203933.506:ERROR:process_memory_win.cc(73)] ReadMemory at 0x23b13486480 of 62 bytes failed: Only part of a ReadProcessMemory or WriteProcessMemory request was completed. (0x12B)
[0424/203933.506:ERROR:process_memory_win.cc(73)] ReadMemory at 0x23b13486520 of 62 bytes failed: Only part of a ReadProcessMemory or WriteProcessMemory request was completed. (0x12B)
[0424/203933.506:ERROR:process_memory_win.cc(73)] ReadMemory at 0x23b13486700 of 64 bytes failed: Only part of a ReadProcessMemory or WriteProcessMemory request was completed. (0x12B)
[0424/203933.506:ERROR:process_memory_win.cc(73)] ReadMemory at 0x23b13486750 of 60 bytes failed: Only part of a ReadProcessMemory or WriteProcessMemory request was completed. (0x12B)
[0424/203933.506:ERROR:process_memory_win.cc(73)] ReadMemory at 0x23b134867f0 of 60 bytes failed: Only part of a ReadProcessMemory or WriteProcessMemory request was completed. (0x12B)
[0424/203933.506:ERROR:process_memory_win.cc(73)] ReadMemory at 0x23b13486840 of 58 bytes failed: Only part of a ReadProcessMemory or WriteProcessMemory request was completed. (0x12B)
[0424/203933.506:ERROR:process_memory_win.cc(73)] ReadMemory at 0x23b13486980 of 64 bytes failed: Only part of a ReadProcessMemory or WriteProcessMemory request was completed. (0x12B)
[0424/203933.506:ERROR:process_memory_win.cc(73)] ReadMemory at 0x23b134869d0 of 60 bytes failed: Only part of a ReadProcessMemory or WriteProcessMemory request was completed. (0x12B)
[0424/203933.507:ERROR:process_memory_win.cc(73)] ReadMemory at 0x23b13486a20 of 62 bytes failed: Only part of a ReadProcessMemory or WriteProcessMemory request was completed. (0x12B)
[0424/203933.507:ERROR:process_memory_win.cc(73)] ReadMemory at 0x23b13486c00 of 64 bytes failed: Only part of a ReadProcessMemory or WriteProcessMemory request was completed. (0x12B)
[0424/203933.507:ERROR:process_memory_win.cc(73)] ReadMemory at 0x23b13486c50 of 62 bytes failed: Only part of a ReadProcessMemory or WriteProcessMemory request was completed. (0x12B)
[0424/203933.507:ERROR:process_memory_win.cc(73)] ReadMemory at 0x23b13486cf0 of 66 bytes failed: Only part of a ReadProcessMemory or WriteProcessMemory request was completed. (0x12B)
[0424/203933.507:ERROR:process_memory_win.cc(73)] ReadMemory at 0x23b13486db0 of 132 bytes failed: Only part of a ReadProcessMemory or WriteProcessMemory request was completed. (0x12B)
[0424/203933.507:ERROR:process_memory_win.cc(73)] ReadMemory at 0x23b13486ee0 of 132 bytes failed: Only part of a ReadProcessMemory or WriteProcessMemory request was completed. (0x12B)
[0424/203933.507:ERROR:process_memory_win.cc(73)] ReadMemory at 0x23b13487010 of 132 bytes failed: Only part of a ReadProcessMemory or WriteProcessMemory request was completed. (0x12B)
[0424/203933.507:ERROR:process_memory_win.cc(73)] ReadMemory at 0x23b13487270 of 132 bytes failed: Only part of a ReadProcessMemory or WriteProcessMemory request was completed. (0x12B)
[0424/203933.508:ERROR:process_memory_win.cc(73)] ReadMemory at 0x23b134873a0 of 132 bytes failed: Only part of a ReadProcessMemory or WriteProcessMemory request was completed. (0x12B)
[0424/203933.508:ERROR:process_memory_win.cc(73)] ReadMemory at 0x23b13487600 of 132 bytes failed: Only part of a ReadProcessMemory or WriteProcessMemory request was completed. (0x12B)
[0424/203933.508:ERROR:process_memory_win.cc(73)] ReadMemory at 0x23b13487860 of 132 bytes failed: Only part of a ReadProcessMemory or WriteProcessMemory request was completed. (0x12B)
[0424/203933.508:ERROR:process_memory_win.cc(73)] ReadMemory at 0x23b13487990 of 132 bytes failed: Only part of a ReadProcessMemory or WriteProcessMemory request was completed. (0x12B)
[0424/203933.508:ERROR:process_memory_win.cc(73)] ReadMemory at 0x23b13487ac0 of 132 bytes failed: Only part of a ReadProcessMemory or WriteProcessMemory request was completed. (0x12B)
[0424/203933.508:ERROR:process_memory_win.cc(73)] ReadMemory at 0x23b13487bf0 of 132 bytes failed: Only part of a ReadProcessMemory or WriteProcessMemory request was completed. (0x12B)
[0424/203933.508:ERROR:process_memory_win.cc(73)] ReadMemory at 0x23b13487d20 of 132 bytes failed: Only part of a ReadProcessMemory or WriteProcessMemory request was completed. (0x12B)
[0424/203933.508:ERROR:process_memory_win.cc(73)] ReadMemory at 0x23b13487e50 of 132 bytes failed: Only part of a ReadProcessMemory or WriteProcessMemory request was completed. (0x12B)
[0424/203933.508:ERROR:process_memory_win.cc(73)] ReadMemory at 0x23b13487f80 of 132 bytes failed: Only part of a ReadProcessMemory or WriteProcessMemory request was completed. (0x12B)
[0424/203933.508:ERROR:process_memory_win.cc(73)] ReadMemory at 0x23b13488310 of 132 bytes failed: Only part of a ReadProcessMemory or WriteProcessMemory request was completed. (0x12B)
[0424/203933.508:ERROR:process_memory_win.cc(73)] ReadMemory at 0x23b13488440 of 132 bytes failed: Only part of a ReadProcessMemory or WriteProcessMemory request was completed. (0x12B)
[0424/203933.508:ERROR:process_memory_win.cc(73)] ReadMemory at 0x23b13488570 of 132 bytes failed: Only part of a ReadProcessMemory or WriteProcessMemory request was completed. (0x12B)
[0424/203933.508:ERROR:process_memory_win.cc(73)] ReadMemory at 0x23b134886a0 of 132 bytes failed: Only part of a ReadProcessMemory or WriteProcessMemory request was completed. (0x12B)
[0424/203933.508:ERROR:process_memory_win.cc(73)] ReadMemory at 0x23b134887d0 of 132 bytes failed: Only part of a ReadProcessMemory or WriteProcessMemory request was completed. (0x12B)
[0424/203933.508:ERROR:process_memory_win.cc(73)] ReadMemory at 0x23b13488900 of 132 bytes failed: Only part of a ReadProcessMemory or WriteProcessMemory request was completed. (0x12B)
[0424/203933.508:ERROR:process_memory_win.cc(73)] ReadMemory at 0x23b13488a30 of 132 bytes failed: Only part of a ReadProcessMemory or WriteProcessMemory request was completed. (0x12B)
[0424/203933.508:ERROR:process_memory_win.cc(73)] ReadMemory at 0x23b13488b60 of 132 bytes failed: Only part of a ReadProcessMemory or WriteProcessMemory request was completed. (0x12B)
[0424/203933.508:ERROR:process_memory_win.cc(73)] ReadMemory at 0x23b1349bef0 of 58 bytes failed: Only part of a ReadProcessMemory or WriteProcessMemory request was completed. (0x12B)
[0424/203933.509:ERROR:process_memory_win.cc(73)] ReadMemory at 0x23b1349c080 of 62 bytes failed: Only part of a ReadProcessMemory or WriteProcessMemory request was completed. (0x12B)
[0424/203933.509:ERROR:process_memory_win.cc(73)] ReadMemory at 0x23b1349c0d0 of 64 bytes failed: Only part of a ReadProcessMemory or WriteProcessMemory request was completed. (0x12B)
[0424/203933.509:ERROR:process_memory_win.cc(73)] ReadMemory at 0x23b1349c3a0 of 58 bytes failed: Only part of a ReadProcessMemory or WriteProcessMemory request was completed. (0x12B)
[0424/203933.509:ERROR:process_memory_win.cc(73)] ReadMemory at 0x23b1349c580 of 66 bytes failed: Only part of a ReadProcessMemory or WriteProcessMemory request was completed. (0x12B)
[0424/203933.509:ERROR:process_memory_win.cc(73)] ReadMemory at 0x23b1349c620 of 60 bytes failed: Only part of a ReadProcessMemory or WriteProcessMemory request was completed. (0x12B)
[0424/203933.509:ERROR:process_memory_win.cc(73)] ReadMemory at 0x23b1349c670 of 62 bytes failed: Only part of a ReadProcessMemory or WriteProcessMemory request was completed. (0x12B)
[0424/203933.509:ERROR:process_memory_win.cc(73)] ReadMemory at 0x23b1349c940 of 60 bytes failed: Only part of a ReadProcessMemory or WriteProcessMemory request was completed. (0x12B)
[0424/203933.509:ERROR:process_memory_win.cc(73)] ReadMemory at 0x23b1349cc10 of 58 bytes failed: Only part of a ReadProcessMemory or WriteProcessMemory request was completed. (0x12B)
[0424/203933.509:ERROR:process_memory_win.cc(73)] ReadMemory at 0x23b134a8160 of 512 bytes failed: Only part of a ReadProcessMemory or WriteProcessMemory request was completed. (0x12B)
[0424/203933.509:ERROR:process_memory_win.cc(73)] ReadMemory at 0x23b134a8f00 of 592 bytes failed: Only part of a ReadProcessMemory or WriteProcessMemory request was completed. (0x12B)
[0424/203933.509:ERROR:process_memory_win.cc(73)] ReadMemory at 0x23b136a1000 of 512 bytes failed: Only part of a ReadProcessMemory or WriteProcessMemory request was completed. (0x12B)
[0424/203933.509:ERROR:process_memory_win.cc(73)] ReadMemory at 0x23b13720000 of 384 bytes failed: Only part of a ReadProcessMemory or WriteProcessMemory request was completed. (0x12B)
[0424/203933.509:ERROR:process_memory_win.cc(73)] ReadMemory at 0x23b137272f0 of 512 bytes failed: Only part of a ReadProcessMemory or WriteProcessMemory request was completed. (0x12B)
[0424/203933.509:ERROR:process_memory_win.cc(73)] ReadMemory at 0x23b13765600 of 608 bytes failed: Only part of a ReadProcessMemory or WriteProcessMemory request was completed. (0x12B)
[0424/203933.509:ERROR:process_memory_win.cc(73)] ReadMemory at 0x23b13770e03 of 512 bytes failed: Only part of a ReadProcessMemory or WriteProcessMemory request was completed. (0x12B)
[0424/203933.509:ERROR:process_memory_win.cc(73)] ReadMemory at 0x23b13771e00 of 512 bytes failed: Only part of a ReadProcessMemory or WriteProcessMemory request was completed. (0x12B)
[0424/203933.509:ERROR:process_memory_win.cc(73)] ReadMemory at 0x23b13791bd0 of 688 bytes failed: Only part of a ReadProcessMemory or WriteProcessMemory request was completed. (0x12B)
[0424/203933.509:ERROR:process_memory_win.cc(73)] ReadMemory at 0x23b15380000 of 384 bytes failed: Only part of a ReadProcessMemory or WriteProcessMemory request was completed. (0x12B)
[0424/203933.510:ERROR:process_memory_win.cc(73)] ReadMemory at 0x23b15393e50 of 512 bytes failed: Only part of a ReadProcessMemory or WriteProcessMemory request was completed. (0x12B)
[0424/203933.510:ERROR:process_memory_win.cc(73)] ReadMemory at 0x23b1539a390 of 512 bytes failed: Only part of a ReadProcessMemory or WriteProcessMemory request was completed. (0x12B)
[0424/203933.510:ERROR:process_memory_win.cc(73)] ReadMemory at 0x23b15453e98 of 512 bytes failed: Only part of a ReadProcessMemory or WriteProcessMemory request was completed. (0x12B)
[0424/203933.510:ERROR:process_memory_win.cc(73)] ReadMemory at 0x23b15476e40 of 512 bytes failed: Only part of a ReadProcessMemory or WriteProcessMemory request was completed. (0x12B)
[0424/203933.510:ERROR:process_memory_win.cc(73)] ReadMemory at 0x23b154c0e60 of 512 bytes failed: Only part of a ReadProcessMemory or WriteProcessMemory request was completed. (0x12B)
[0424/203933.510:ERROR:process_memory_win.cc(73)] ReadMemory at 0x23b16280600 of 512 bytes failed: Only part of a ReadProcessMemory or WriteProcessMemory request was completed. (0x12B)
[0424/203933.510:ERROR:process_memory_win.cc(73)] ReadMemory at 0x23b16297100 of 512 bytes failed: Only part of a ReadProcessMemory or WriteProcessMemory request was completed. (0x12B)
[0424/203933.510:ERROR:process_memory_win.cc(73)] ReadMemory at 0x23b16368d90 of 512 bytes failed: Only part of a ReadProcessMemory or WriteProcessMemory request was completed. (0x12B)
[0424/203933.510:ERROR:process_memory_win.cc(73)] ReadMemory at 0x23b16382b50 of 512 bytes failed: Only part of a ReadProcessMemory or WriteProcessMemory request was completed. (0x12B)
[0424/203933.510:ERROR:process_memory_win.cc(73)] ReadMemory at 0x23b1a0ae0a0 of 512 bytes failed: Only part of a ReadProcessMemory or WriteProcessMemory request was completed. (0x12B)
[0424/203933.510:ERROR:process_memory_win.cc(73)] ReadMemory at 0x23b1a299a00 of 528 bytes failed: Only part of a ReadProcessMemory or WriteProcessMemory request was completed. (0x12B)
[0424/203933.510:ERROR:process_memory_win.cc(73)] ReadMemory at 0x7f6088480a0 of 512 bytes failed: Only part of a ReadProcessMemory or WriteProcessMemory request was completed. (0x12B)
[0424/203933.510:ERROR:process_memory_win.cc(73)] ReadMemory at 0x575cee532b40 of 512 bytes failed: Only part of a ReadProcessMemory or WriteProcessMemory request was completed. (0x12B)
[0424/203933.510:ERROR:process_memory_win.cc(73)] ReadMemory at 0x7ff8352f6958 of 512 bytes failed: Only part of a ReadProcessMemory or WriteProcessMemory request was completed. (0x12B)
[0424/203933.510:ERROR:process_memory_win.cc(73)] ReadMemory at 0x7ff83920093f of 512 bytes failed: Only part of a ReadProcessMemory or WriteProcessMemory request was completed. (0x12B)
[0424/203933.510:ERROR:process_memory_win.cc(73)] ReadMemory at 0x7ff83920177e of 512 bytes failed: Only part of a ReadProcessMemory or WriteProcessMemory request was completed. (0x12B)
[0424/203933.511:ERROR:process_memory_win.cc(73)] ReadMemory at 0x7ff83c1e3d81 of 512 bytes failed: Only part of a ReadProcessMemory or WriteProcessMemory request was completed. (0x12B)
[0424/203933.511:ERROR:process_memory_win.cc(73)] ReadMemory at 0x7ff83c2e1c88 of 512 bytes failed: Only part of a ReadProcessMemory or WriteProcessMemory request was completed. (0x12B)
[0424/203933.511:ERROR:process_memory_win.cc(73)] ReadMemory at 0x7ff89578a719 of 512 bytes failed: Only part of a ReadProcessMemory or WriteProcessMemory request was completed. (0x12B)
[0424/203933.511:ERROR:process_memory_win.cc(73)] ReadMemory at 0x7ff8959bb6e0 of 512 bytes failed: Only part of a ReadProcessMemory or WriteProcessMemory request was completed. (0x12B)
[0424/203933.511:ERROR:process_memory_win.cc(73)] ReadMemory at 0x7ff898800753 of 512 bytes failed: Only part of a ReadProcessMemory or WriteProcessMemory request was completed. (0x12B)
[0424/203933.511:ERROR:process_memory_win.cc(73)] ReadMemory at 0x7ff89885c074 of 672 bytes failed: Only part of a ReadProcessMemory or WriteProcessMemory request was completed. (0x12B)
[0424/203933.511:ERROR:process_memory_win.cc(73)] ReadMemory at 0x7ff89885c674 of 512 bytes failed: Only part of a ReadProcessMemory or WriteProcessMemory request was completed. (0x12B)
[0424/203933.511:ERROR:process_memory_win.cc(73)] ReadMemory at 0x7ff89885f924 of 608 bytes failed: Only part of a ReadProcessMemory or WriteProcessMemory request was completed. (0x12B)
[0424/203933.511:ERROR:process_memory_win.cc(73)] ReadMemory at 0x7ff8988ec428 of 18 bytes failed: Only part of a ReadProcessMemory or WriteProcessMemory request was completed. (0x12B)
[0424/203933.511:ERROR:process_memory_win.cc(73)] ReadMemory at 0x7ff89891f4f8 of 40 bytes failed: Only part of a ReadProcessMemory or WriteProcessMemory request was completed. (0x12B)
[0424/203933.511:ERROR:process_memory_win.cc(73)] ReadMemory at 0x7ff89891f978 of 48 bytes failed: Only part of a ReadProcessMemory or WriteProcessMemory request was completed. (0x12B)
[0424/203933.511:ERROR:process_memory_win.cc(73)] ReadMemory at 0x7ff8989253c0 of 64 bytes failed: Only part of a ReadProcessMemory or WriteProcessMemory request was completed. (0x12B)
[0424/203933.513:ERROR:scoped_process_suspend.cc(40)] NtResumeProcess: An attempt was made to access an exiting process. (0xc000010a)
